KeepScore/proguard/seeds.txt
com.nolanlawson.keepscore.widget.PlayerView
com.nolanlawson.keepscore.widget.AutofitTextView
com.nolanlawson.keepscore.widget.NonnegativeIntegerEditTextPreference
com.nolanlawson.keepscore.widget.IntegerEditTextPreference
com.nolanlawson.keepscore.widget.AutofitTextView
com.nolanlawson.keepscore.widget.AutofitTextView: AutofitTextView(android.content.Context,android.util.AttributeSet)
com.nolanlawson.keepscore.widget.NonnegativeIntegerEditTextPreference
com.nolanlawson.keepscore.widget.NonnegativeIntegerEditTextPreference: NonnegativeIntegerEditTextPreference(android.content.Context,android.util.AttributeSet)
com.nolanlawson.keepscore.widget.IntegerEditTextPreference
com.nolanlawson.keepscore.widget.IntegerEditTextPreference: IntegerEditTextPreference(android.content.Context,android.util.AttributeSet)
com.nolanlawson.keepscore.widget.AutofitTextView
com.nolanlawson.keepscore.widget.AutofitTextView: AutofitTextView(android.content.Context,android.util.AttributeSet,int)
com.nolanlawson.keepscore.widget.NonnegativeIntegerEditTextPreference
com.nolanlawson.keepscore.widget.NonnegativeIntegerEditTextPreference: NonnegativeIntegerEditTextPreference(android.content.Context,android.util.AttributeSet,int)
com.nolanlawson.keepscore.widget.IntegerEditTextPreference
com.nolanlawson.keepscore.widget.IntegerEditTextPreference: IntegerEditTextPreference(android.content.Context,android.util.AttributeSet,int)
com.nolanlawson.keepscore.helper.ColorScheme: com.nolanlawson.keepscore.helper.ColorScheme[] values()
com.nolanlawson.keepscore.helper.ColorScheme: com.nolanlawson.keepscore.helper.ColorScheme valueOf(java.lang.String)
com.nolanlawson.keepscore.helper.PlayerTextFormat: com.nolanlawson.keepscore.helper.PlayerTextFormat[] values()
com.nolanlawson.keepscore.helper.PlayerTextFormat: com.nolanlawson.keepscore.helper.PlayerTextFormat valueOf(java.lang.String)
com.nolanlawson.keepscore.HistoryActivity
com.nolanlawson.keepscore.NewGameActivity
com.nolanlawson.keepscore.AboutActivity
com.nolanlawson.keepscore.MainActivity
com.nolanlawson.keepscore.NamePlayersActivity
com.nolanlawson.keepscore.GameActivity
com.nolanlawson.keepscore.LoadGameActivity
com.nolanlawson.keepscore.SettingsActivity
com.nolanlawson.keepscore.widget.NonnegativeIntegerEditTextPreference
com.nolanlawson.keepscore.widget.IntegerEditTextPreference
com.nolanlawson.keepscore.db.Game
com.nolanlawson.keepscore.db.Game: android.os.Parcelable$Creator CREATOR
com.nolanlawson.keepscore.db.PlayerScore
com.nolanlawson.keepscore.db.PlayerScore: android.os.Parcelable$Creator CREATOR