KeepScore/proguard/mapping.txt
com.nolanlawson.keepscore.AboutActivity -> com.nolanlawson.keepscore.AboutActivity:
    com.nolanlawson.keepscore.util.UtilLogger log -> a
    android.widget.Button okButton -> b
    android.webkit.WebView aboutWebView -> c
    android.widget.ProgressBar progressBar -> d
    android.os.Handler handler -> e
    android.view.View topPanel -> f
    void onCreate(android.os.Bundle) -> onCreate
    java.lang.String loadTextFile(int) -> a
    void onClick(android.view.View) -> onClick
    android.os.Handler access$1(com.nolanlawson.keepscore.AboutActivity) -> a
    void access$2(com.nolanlawson.keepscore.AboutActivity,java.lang.String) -> a
    android.widget.ProgressBar access$3(com.nolanlawson.keepscore.AboutActivity) -> b
    android.webkit.WebView access$4(com.nolanlawson.keepscore.AboutActivity) -> c
    android.view.View access$5(com.nolanlawson.keepscore.AboutActivity) -> d
    android.widget.Button access$6(com.nolanlawson.keepscore.AboutActivity) -> e
com.nolanlawson.keepscore.AboutActivity$AboutWebClient -> com.nolanlawson.keepscore.aa:
    com.nolanlawson.keepscore.AboutActivity this$0 -> a
    boolean shouldOverrideUrlLoading(android.webkit.WebView,java.lang.String) -> shouldOverrideUrlLoading
    void onPageFinished(android.webkit.WebView,java.lang.String) -> onPageFinished
com.nolanlawson.keepscore.AboutActivity$AboutWebClient$1 -> com.nolanlawson.keepscore.w:
    com.nolanlawson.keepscore.AboutActivity$AboutWebClient this$1 -> a
    java.lang.String val$url -> b
    void run() -> run
com.nolanlawson.keepscore.AboutActivity$AboutWebClient$2 -> com.nolanlawson.keepscore.u:
    com.nolanlawson.keepscore.AboutActivity$AboutWebClient this$1 -> a
    void run() -> run
com.nolanlawson.keepscore.GameActivity -> com.nolanlawson.keepscore.GameActivity:
    long PERIODIC_SAVE_PERIOD -> a
    com.nolanlawson.keepscore.util.UtilLogger log -> b
    android.widget.LinearLayout rootLayout -> c
    android.widget.LinearLayout rowLayout2 -> d
    android.widget.LinearLayout rowLayout3 -> e
    android.widget.LinearLayout rowLayout4 -> f
    android.view.View rootPadding1 -> g
    android.view.View rootPadding2 -> h
    android.view.ViewStub roundTotalViewStub -> i
    android.widget.TextView roundTotalTextView -> j
    com.nolanlawson.keepscore.db.Game game -> k
    java.util.List playerScores -> l
    android.os.PowerManager$WakeLock wakeLock -> m
    java.util.List playerViews -> n
    android.os.Handler handler -> o
    boolean paused -> p
    com.nolanlawson.keepscore.db.GameDBHelper dbHelper -> q
    boolean savedGameBeforeExit -> r
    void onCreate(android.os.Bundle) -> onCreate
    void onDestroy() -> onDestroy
    void onPause() -> onPause
    void onResume() -> onResume
    com.nolanlawson.keepscore.db.GameDBHelper getDbHelper() -> a
    void startPeriodicSave() -> b
    boolean onCreateOptionsMenu(android.view.Menu) -> onCreateOptionsMenu
    boolean onPrepareOptionsMenu(android.view.Menu) -> onPrepareOptionsMenu
    boolean onOptionsItemSelected(android.view.MenuItem) -> onOptionsItemSelected
    void cloneGame() -> c
    boolean shouldAutosave() -> d
    void saveGame(com.nolanlawson.keepscore.db.Game,boolean,java.lang.Runnable) -> a
com.nolanlawson.keepscore.GameActivity$1 -> com.nolanlawson.keepscore.x:
    com.nolanlawson.keepscore.GameActivity this$0 -> a
    void run() -> run
com.nolanlawson.keepscore.GameActivity$1$1 -> com.nolanlawson.keepscore.a:
    com.nolanlawson.keepscore.GameActivity$1 this$1 -> a
    void run() -> run
com.nolanlawson.keepscore.GameActivity$2 -> com.nolanlawson.keepscore.v:
    com.nolanlawson.keepscore.GameActivity this$0 -> a
    void onClick(android.content.DialogInterface,int) -> onClick
com.nolanlawson.keepscore.GameActivity$3 -> com.nolanlawson.keepscore.t:
    com.nolanlawson.keepscore.GameActivity this$0 -> a
    android.widget.EditText val$editText -> b
    void onClick(android.content.DialogInterface,int) -> onClick