KeepScore/proguard/usage.txt
com.nolanlawson.keepscore.GameActivity:
    public static final java.lang.String EXTRA_PLAYER_NAMES
    public static final java.lang.String EXTRA_GAME_ID
    public static final java.lang.String EXTRA_GAME
    private static final int MAX_NUM_PLAYERS
com.nolanlawson.keepscore.HistoryActivity:
    public static final java.lang.String EXTRA_GAME
    private static final int MAX_COLUMNS_FOR_WIDE_LIST_LAYOUT
    private static final int MAX_COLUMNS_FOR_REGULAR_TALL_LIST_LAYOUT
com.nolanlawson.keepscore.NamePlayersActivity:
    public static final java.lang.String EXTRA_NUM_PLAYERS
com.nolanlawson.keepscore.R
com.nolanlawson.keepscore.R$array
com.nolanlawson.keepscore.R$attr
com.nolanlawson.keepscore.R$color
com.nolanlawson.keepscore.R$dimen
com.nolanlawson.keepscore.R$drawable
com.nolanlawson.keepscore.R$id
com.nolanlawson.keepscore.R$integer
com.nolanlawson.keepscore.R$layout
com.nolanlawson.keepscore.R$menu
com.nolanlawson.keepscore.R$raw
com.nolanlawson.keepscore.R$string
com.nolanlawson.keepscore.R$xml
com.nolanlawson.keepscore.SettingsActivity:
    public static final java.lang.String COLOR_SCHEME_CHANGED
com.nolanlawson.keepscore.data.HistoryItem:
    30:31:public void setHideDelta(boolean)
    36:37:public void setDelta(int)
    42:43:public void setRunningTotal(long)
com.nolanlawson.keepscore.data.SavedGameAdapter:
    private static final java.lang.String DATE_FORMAT
com.nolanlawson.keepscore.data.TypeCheckingArrayAdapter
com.nolanlawson.keepscore.db.GameDBHelper:
    private static final java.lang.String DB_NAME
    private static final int DB_VERSION
    private static final java.lang.String TABLE_GAMES
    private static final java.lang.String TABLE_PLAYER_SCORES
    private static final java.lang.String COLUMN_ID
    private static final java.lang.String COLUMN_DATE_STARTED
    private static final java.lang.String COLUMN_DATE_SAVED
    private static final java.lang.String COLUMN_NAME
    private static final java.lang.String COLUMN_SCORE
    private static final java.lang.String COLUMN_AUTOSAVED
    private static final java.lang.String COLUMN_PLAYER_NUMBER
    private static final java.lang.String COLUMN_GAME_ID
    private static final java.lang.String COLUMN_HISTORY
    private static final java.lang.String JOINED_TABLES
    173:173:public com.nolanlawson.keepscore.db.Game findMostRecentGame()
com.nolanlawson.keepscore.util.CollectionUtil:
    30:30:public static com.nolanlawson.keepscore.util.CollectionUtil$Function compose(com.nolanlawson.keepscore.util.CollectionUtil$Function,com.nolanlawson.keepscore.util.CollectionUtil$Function)
    40:40:public static com.nolanlawson.keepscore.util.CollectionUtil$Function toStringFunction()
    73:81:public static java.util.List filter(java.util.List,com.nolanlawson.keepscore.util.CollectionUtil$Predicate)
com.nolanlawson.keepscore.util.CollectionUtil$1
com.nolanlawson.keepscore.util.CollectionUtil$2
com.nolanlawson.keepscore.util.CollectionUtil$Predicate
com.nolanlawson.keepscore.util.StopWatch:
    private long startTime
    private java.lang.String name
com.nolanlawson.keepscore.util.StringUtil:
    150:150:public static com.nolanlawson.keepscore.util.CollectionUtil$Function lengthFunction()
    160:160:public static java.lang.String emptyToNull(java.lang.CharSequence)
com.nolanlawson.keepscore.util.StringUtil$1